{
  "RSpec": {
    "coverage": {
      "/home/tuliotm/JacksonPiresCurso/rails_avancado/rspec/02-rspec-models/rspec-test-app/config/environment.rb": {
        "lines": [
          null,
          1,
          null,
          null,
          1
        ]
      },
      "/home/tuliotm/JacksonPiresCurso/rails_avancado/rspec/02-rspec-models/rspec-test-app/config/application.rb": {
        "lines": [
          1,
          null,
          1,
          null,
          null,
          null,
          1,
          null,
          1,
          1,
          null,
          1,
          null,
          null,
          null,
          null,
          1,
          null,
          null,
          null,
          null,
          null,
          null,
          null,
          null,
          null,
          null
        ]
      },
      "/home/tuliotm/JacksonPiresCurso/rails_avancado/rspec/02-rspec-models/rspec-test-app/config/boot.rb": {
        "lines": [
          1,
          null,
          1,
          1
        ]
      },
      "/home/tuliotm/JacksonPiresCurso/rails_avancado/rspec/02-rspec-models/rspec-test-app/config/environments/test.rb": {
        "lines": [
          1,
          null,
          null,
          null,
          null,
          null,
          null,
          1,
          null,
          null,
          null,
          1,
          null,
          null,
          null,
          null,
          null,
          1,
          null,
          null,
          1,
          1,
          null,
          null,
          null,
          null,
          1,
          1,
          1,
          null,
          null,
          1,
          null,
          null,
          1,
          null,
          null,
          1,
          null,
          1,
          null,
          null,
          null,
          null,
          1,
          null,
          null,
          1,
          null,
          null,
          1,
          null,
          null,
          1,
          null,
          null,
          null,
          null,
          null,
          null,
          null,
          null,
          1,
          null
        ]
      },
      "/home/tuliotm/JacksonPiresCurso/rails_avancado/rspec/02-rspec-models/rspec-test-app/config/initializers/assets.rb": {
        "lines": [
          null,
          null,
          null,
          1,
          null,
          null,
          null,
          null,
          null,
          null,
          null,
          null
        ]
      },
      "/home/tuliotm/JacksonPiresCurso/rails_avancado/rspec/02-rspec-models/rspec-test-app/config/initializers/content_security_policy.rb": {
        "lines": [
          null,
          null,
          null,
          null,
          null,
          null,
          null,
          null,
          null,
          null,
          null,
          null,
          null,
          null,
          null,
          null,
          null,
          null,
          null,
          null,
          null,
          null,
          null,
          null,
          null
        ]
      },
      "/home/tuliotm/JacksonPiresCurso/rails_avancado/rspec/02-rspec-models/rspec-test-app/config/initializers/filter_parameter_logging.rb": {
        "lines": [
          null,
          null,
          null,
          null,
          null,
          1,
          null,
          null
        ]
      },
      "/home/tuliotm/JacksonPiresCurso/rails_avancado/rspec/02-rspec-models/rspec-test-app/config/initializers/inflections.rb": {
        "lines": [
          null,
          null,
          null,
          null,
          null,
          null,
          null,
          null,
          null,
          null,
          null,
          null,
          null,
          null,
          null,
          null
        ]
      },
      "/home/tuliotm/JacksonPiresCurso/rails_avancado/rspec/02-rspec-models/rspec-test-app/config/initializers/permissions_policy.rb": {
        "lines": [
          null,
          null,
          null,
          null,
          null,
          null,
          null,
          null,
          null,
          null,
          null,
          null,
          null
        ]
      },
      "/home/tuliotm/JacksonPiresCurso/rails_avancado/rspec/02-rspec-models/rspec-test-app/spec/factories/course.rb": {
        "lines": [
          1,
          1,
          14,
          14,
          14,
          null,
          null
        ]
      },
      "/home/tuliotm/JacksonPiresCurso/rails_avancado/rspec/02-rspec-models/rspec-test-app/spec/factories/user.rb": {
        "lines": [
          1,
          1,
          16,
          16,
          null,
          null
        ]
      },
      "/home/tuliotm/JacksonPiresCurso/rails_avancado/rspec/02-rspec-models/rspec-test-app/spec/factories/user_course.rb": {
        "lines": [
          1,
          1,
          1,
          1,
          null,
          null
        ]
      },
      "/home/tuliotm/JacksonPiresCurso/rails_avancado/rspec/02-rspec-models/rspec-test-app/config/routes.rb": {
        "lines": [
          1,
          1,
          1,
          1,
          null,
          1,
          null,
          null,
          null,
          null,
          null,
          1,
          null,
          null,
          1,
          null
        ]
      },
      "/home/tuliotm/JacksonPiresCurso/rails_avancado/rspec/02-rspec-models/rspec-test-app/app/helpers/application_helper.rb": {
        "lines": [
          1,
          null
        ]
      },
      "/home/tuliotm/JacksonPiresCurso/rails_avancado/rspec/02-rspec-models/rspec-test-app/app/helpers/courses_helper.rb": {
        "lines": [
          1,
          null
        ]
      },
      "/home/tuliotm/JacksonPiresCurso/rails_avancado/rspec/02-rspec-models/rspec-test-app/app/helpers/users_helper.rb": {
        "lines": [
          1,
          null
        ]
      },
      "/home/tuliotm/JacksonPiresCurso/rails_avancado/rspec/02-rspec-models/rspec-test-app/app/helpers/welcome_helper.rb": {
        "lines": [
          1,
          null
        ]
      },
      "/home/tuliotm/JacksonPiresCurso/rails_avancado/rspec/02-rspec-models/rspec-test-app/app/models/course.rb": {
        "lines": [
          1,
          1,
          null,
          1,
          null
        ]
      },
      "/home/tuliotm/JacksonPiresCurso/rails_avancado/rspec/02-rspec-models/rspec-test-app/app/models/application_record.rb": {
        "lines": [
          1,
          1,
          null
        ]
      },
      "/home/tuliotm/JacksonPiresCurso/rails_avancado/rspec/02-rspec-models/rspec-test-app/spec/models/user_course_spec.rb": {
        "lines": [
          1,
          null,
          1,
          2,
          2,
          null
        ]
      },
      "/home/tuliotm/JacksonPiresCurso/rails_avancado/rspec/02-rspec-models/rspec-test-app/app/models/user_course.rb": {
        "lines": [
          1,
          1,
          1,
          null
        ]
      },
      "/home/tuliotm/JacksonPiresCurso/rails_avancado/rspec/02-rspec-models/rspec-test-app/spec/models/user_spec.rb": {
        "lines": [
          1,
          null,
          1,
          1,
          2,
          2,
          null,
          null,
          1,
          2,
          null,
          null,
          1,
          1,
          1,
          1,
          null,
          null,
          null,
          null,
          1,
          1,
          1,
          null,
          null,
          1,
          1,
          null,
          null,
          1,
          1,
          1,
          null,
          null,
          null
        ]
      },
      "/home/tuliotm/JacksonPiresCurso/rails_avancado/rspec/02-rspec-models/rspec-test-app/app/models/user.rb": {
        "lines": [
          1,
          1,
          1,
          null,
          1,
          null,
          1,
          2,
          null,
          null
        ]
      },
      "/home/tuliotm/JacksonPiresCurso/rails_avancado/rspec/02-rspec-models/rspec-test-app/spec/requests/courses_spec.rb": {
        "lines": [
          1,
          null,
          1,
          1,
          3,
          3,
          null,
          1,
          3,
          null,
          1,
          1,
          null,
          null,
          1,
          1,
          null,
          null,
          null,
          null,
          1,
          2,
          null,
          1,
          2,
          1,
          1,
          null,
          null,
          null,
          null,
          1,
          3,
          null,
          1,
          1,
          1,
          null,
          null,
          1,
          1,
          null,
          null,
          null,
          null,
          1,
          1,
          1,
          null,
          2,
          null,
          null,
          null,
          null,
          null,
          null,
          null,
          1,
          2,
          null,
          null,
          null,
          1,
          1,
          null,
          null,
          1,
          1,
          null,
          null,
          null,
          1,
          1,
          2,
          null,
          null,
          1,
          2,
          null,
          null,
          1,
          1,
          null,
          null,
          1,
          1,
          null,
          null,
          null,
          null,
          1,
          1,
          3,
          null,
          1,
          2,
          null,
          null,
          1,
          1,
          null,
          null,
          1,
          1,
          null,
          null,
          null,
          1,
          3,
          null,
          1,
          2,
          null,
          null,
          1,
          1,
          null,
          null,
          1,
          1,
          null,
          null,
          null,
          null,
          1,
          5,
          null,
          1,
          4,
          null,
          null,
          1,
          1,
          null,
          null,
          1,
          1,
          null,
          null,
          1,
          2,
          null,
          null,
          1,
          1,
          null,
          null,
          null
        ]
      },
      "/home/tuliotm/JacksonPiresCurso/rails_avancado/rspec/02-rspec-models/rspec-test-app/spec/requests/users_courses_spec.rb": {
        "lines": [
          1,
          null,
          1,
          1,
          1,
          null,
          1,
          2,
          null,
          1,
          1,
          null,
          null,
          null,
          null
        ]
      },
      "/home/tuliotm/JacksonPiresCurso/rails_avancado/rspec/02-rspec-models/rspec-test-app/spec/requests/users_spec.rb": {
        "lines": [
          1,
          null,
          1,
          1,
          3,
          3,
          null,
          1,
          3,
          null,
          1,
          1,
          null,
          null,
          1,
          1,
          null,
          null,
          null,
          null,
          1,
          1,
          3,
          null,
          1,
          1,
          null,
          null,
          1,
          1,
          null,
          null,
          null,
          null,
          1,
          1,
          1,
          null,
          2,
          null,
          null,
          null,
          null,
          null,
          null,
          1,
          2,
          null,
          null,
          1,
          1,
          null,
          null,
          1,
          1,
          null,
          null,
          null,
          1,
          1,
          2,
          null,
          null,
          1,
          2,
          null,
          null,
          1,
          1,
          null,
          null,
          1,
          1,
          null,
          null,
          null,
          null,
          1,
          1,
          3,
          null,
          1,
          2,
          null,
          null,
          1,
          1,
          null,
          null,
          1,
          1,
          null,
          null,
          null,
          null,
          1,
          1,
          4,
          null,
          1,
          3,
          null,
          null,
          1,
          1,
          null,
          null,
          1,
          1,
          null,
          null,
          1,
          1,
          null,
          null,
          null,
          1,
          2,
          null,
          1,
          1,
          null,
          null,
          1,
          1,
          null,
          null,
          null,
          null,
          1,
          6,
          null,
          1,
          5,
          null,
          null,
          1,
          1,
          null,
          null,
          1,
          1,
          null,
          null,
          1,
          2,
          null,
          null,
          1,
          1,
          null,
          null,
          1,
          1,
          null,
          null,
          null
        ]
      },
      "/home/tuliotm/JacksonPiresCurso/rails_avancado/rspec/02-rspec-models/rspec-test-app/spec/vcr_test/example_spec.rb": {
        "lines": [
          1,
          null,
          1,
          1,
          1,
          1,
          null,
          null
        ]
      },
      "/home/tuliotm/JacksonPiresCurso/rails_avancado/rspec/02-rspec-models/rspec-test-app/app/controllers/courses_controller.rb": {
        "lines": [
          1,
          1,
          null,
          null,
          1,
          2,
          null,
          null,
          null,
          1,
          null,
          null,
          null,
          1,
          2,
          null,
          null,
          null,
          1,
          null,
          null,
          null,
          1,
          4,
          null,
          4,
          4,
          4,
          2,
          null,
          4,
          2,
          null,
          null,
          null,
          null,
          null,
          1,
          4,
          4,
          4,
          2,
          null,
          4,
          2,
          null,
          null,
          null,
          null,
          null,
          1,
          4,
          null,
          4,
          8,
          4,
          null,
          null,
          null,
          1,
          null,
          1,
          9,
          null,
          null,
          null,
          1,
          8,
          null,
          null
        ]
      },
      "/home/tuliotm/JacksonPiresCurso/rails_avancado/rspec/02-rspec-models/rspec-test-app/app/controllers/application_controller.rb": {
        "lines": [
          1,
          null
        ]
      },
      "/home/tuliotm/JacksonPiresCurso/rails_avancado/rspec/02-rspec-models/rspec-test-app/app/controllers/user_courses_controller.rb": {
        "lines": [
          1,
          1,
          1,
          null,
          null
        ]
      },
      "/home/tuliotm/JacksonPiresCurso/rails_avancado/rspec/02-rspec-models/rspec-test-app/app/controllers/users_controller.rb": {
        "lines": [
          1,
          1,
          null,
          null,
          1,
          2,
          null,
          null,
          null,
          1,
          null,
          null,
          null,
          1,
          2,
          null,
          null,
          null,
          1,
          null,
          null,
          null,
          1,
          4,
          null,
          4,
          4,
          4,
          2,
          null,
          4,
          2,
          null,
          null,
          null,
          null,
          null,
          1,
          4,
          4,
          6,
          3,
          null,
          2,
          1,
          null,
          null,
          null,
          null,
          null,
          1,
          5,
          null,
          5,
          10,
          5,
          null,
          null,
          null,
          1,
          null,
          1,
          11,
          null,
          null,
          null,
          1,
          8,
          null,
          null
        ]
      }
    },
    "timestamp": 1706552338
  }
}
